mode: set
github.com/eiizu/go-service/service/someservice.go:9.48,13.2 1 0
github.com/eiizu/go-service/service/someservice.go:16.41,18.2 1 0
github.com/eiizu/go-service/usecase/books.go:21.36,25.2 3 1
github.com/eiizu/go-service/usecase/books.go:27.60,28.15 1 1
github.com/eiizu/go-service/usecase/books.go:31.2,32.18 2 1
github.com/eiizu/go-service/usecase/books.go:28.15,30.3 1 1
github.com/eiizu/go-service/usecase/books.go:35.52,38.2 2 1
github.com/eiizu/go-service/usecase/books.go:40.69,41.9 1 1
github.com/eiizu/go-service/usecase/books.go:53.2,54.18 2 1
github.com/eiizu/go-service/usecase/books.go:42.25,43.43 1 1
github.com/eiizu/go-service/usecase/books.go:44.23,45.52 1 1
github.com/eiizu/go-service/usecase/books.go:46.27,47.46 1 1
github.com/eiizu/go-service/usecase/books.go:48.25,49.43 1 1
github.com/eiizu/go-service/usecase/books.go:50.24,51.53 1 1
github.com/eiizu/go-service/usecase/books.go:57.81,58.15 1 1
github.com/eiizu/go-service/usecase/books.go:61.2,62.18 2 1
github.com/eiizu/go-service/usecase/books.go:58.15,60.3 1 1
github.com/eiizu/go-service/usecase/books.go:65.57,66.15 1 1
github.com/eiizu/go-service/usecase/books.go:69.2,70.16 2 1
github.com/eiizu/go-service/usecase/books.go:73.2,73.47 1 1
github.com/eiizu/go-service/usecase/books.go:66.15,68.3 1 1
github.com/eiizu/go-service/usecase/books.go:70.16,72.3 1 1
github.com/eiizu/go-service/usecase/loans.go:21.36,25.2 3 1
github.com/eiizu/go-service/usecase/loans.go:27.89,29.86 1 1
github.com/eiizu/go-service/usecase/loans.go:33.2,33.58 1 1
github.com/eiizu/go-service/usecase/loans.go:37.2,39.18 2 1
github.com/eiizu/go-service/usecase/loans.go:29.86,32.3 2 1
github.com/eiizu/go-service/usecase/loans.go:33.58,36.3 2 1
github.com/eiizu/go-service/usecase/loans.go:42.69,43.9 1 1
github.com/eiizu/go-service/usecase/loans.go:50.2,52.18 2 1
github.com/eiizu/go-service/usecase/loans.go:44.28,45.41 1 1
github.com/eiizu/go-service/usecase/loans.go:46.32,47.50 1 1
github.com/eiizu/go-service/usecase/loans.go:55.69,57.9 1 1
github.com/eiizu/go-service/usecase/loans.go:66.2,68.18 2 1
github.com/eiizu/go-service/usecase/loans.go:58.23,59.39 1 1
github.com/eiizu/go-service/usecase/loans.go:60.26,61.44 1 1
github.com/eiizu/go-service/usecase/loans.go:62.24,63.42 1 1
github.com/eiizu/go-service/usecase/something.go:17.45,21.2 1 0
github.com/eiizu/go-service/usecase/something.go:24.71,30.28 4 0
github.com/eiizu/go-service/usecase/something.go:34.2,34.18 1 0
github.com/eiizu/go-service/usecase/something.go:30.28,32.3 1 0
github.com/eiizu/go-service/usecase/status.go:13.40,17.2 1 0
github.com/eiizu/go-service/usecase/status.go:20.42,22.2 1 0
github.com/eiizu/go-service/usecase/status.go:25.45,28.2 2 0
github.com/eiizu/go-service/usecase/users.go:21.36,25.2 3 1
github.com/eiizu/go-service/usecase/users.go:27.60,28.15 1 1
github.com/eiizu/go-service/usecase/users.go:31.2,32.18 2 1
github.com/eiizu/go-service/usecase/users.go:28.15,30.3 1 1
github.com/eiizu/go-service/usecase/users.go:35.52,38.2 2 1
github.com/eiizu/go-service/usecase/users.go:40.69,41.9 1 1
github.com/eiizu/go-service/usecase/users.go:51.2,52.18 2 1
github.com/eiizu/go-service/usecase/users.go:42.24,43.42 1 1
github.com/eiizu/go-service/usecase/users.go:44.23,45.41 1 1
github.com/eiizu/go-service/usecase/users.go:46.26,47.44 1 1
github.com/eiizu/go-service/usecase/users.go:48.24,49.42 1 1
github.com/eiizu/go-service/usecase/users.go:55.69,56.22 1 1
github.com/eiizu/go-service/usecase/users.go:59.2,60.18 2 1
github.com/eiizu/go-service/usecase/users.go:56.22,58.3 1 1
github.com/eiizu/go-service/usecase/users.go:63.57,64.15 1 1
github.com/eiizu/go-service/usecase/users.go:67.2,68.16 2 1
github.com/eiizu/go-service/usecase/users.go:71.2,71.35 1 1
github.com/eiizu/go-service/usecase/users.go:64.15,66.3 1 1
github.com/eiizu/go-service/usecase/users.go:68.16,70.3 1 1
github.com/eiizu/go-service/router/router.go:41.148,69.2 18 0
github.com/eiizu/go-service/controller/something.go:28.51,32.2 1 1
github.com/eiizu/go-service/controller/something.go:35.63,39.46 3 1
github.com/eiizu/go-service/controller/something.go:43.2,43.21 1 1
github.com/eiizu/go-service/controller/something.go:47.2,48.16 2 1
github.com/eiizu/go-service/controller/something.go:52.2,52.39 1 1
github.com/eiizu/go-service/controller/something.go:39.46,41.3 1 0
github.com/eiizu/go-service/controller/something.go:43.21,45.3 1 0
github.com/eiizu/go-service/controller/something.go:48.16,50.3 1 1
github.com/eiizu/go-service/controller/status.go:23.42,27.2 1 0
github.com/eiizu/go-service/controller/status.go:30.58,32.16 2 0
github.com/eiizu/go-service/controller/status.go:36.2,36.39 1 0
github.com/eiizu/go-service/controller/status.go:32.16,34.3 1 0
github.com/eiizu/go-service/controller/status.go:40.58,42.16 2 0
github.com/eiizu/go-service/controller/status.go:46.2,46.39 1 0
github.com/eiizu/go-service/controller/status.go:42.16,44.3 1 0
github.com/eiizu/go-service/controller/users.go:23.40,27.2 1 1
github.com/eiizu/go-service/controller/users.go:29.47,31.16 2 1
github.com/eiizu/go-service/controller/users.go:34.2,34.36 1 1
github.com/eiizu/go-service/controller/users.go:31.16,33.3 1 1
github.com/eiizu/go-service/controller/users.go:37.48,39.16 2 1
github.com/eiizu/go-service/controller/users.go:42.2,42.36 1 1
github.com/eiizu/go-service/controller/users.go:39.16,41.3 1 1
github.com/eiizu/go-service/controller/users.go:45.50,49.46 3 1
github.com/eiizu/go-service/controller/users.go:52.2,53.16 2 1
github.com/eiizu/go-service/controller/users.go:56.2,56.35 1 1
github.com/eiizu/go-service/controller/users.go:49.46,51.3 1 1
github.com/eiizu/go-service/controller/users.go:53.16,55.3 1 1
github.com/eiizu/go-service/controller/users.go:59.50,64.46 3 1
github.com/eiizu/go-service/controller/users.go:68.2,70.16 3 1
github.com/eiizu/go-service/controller/users.go:73.2,73.36 1 1
github.com/eiizu/go-service/controller/users.go:64.46,66.3 1 1
github.com/eiizu/go-service/controller/users.go:70.16,72.3 1 1
github.com/eiizu/go-service/controller/users.go:76.50,78.16 2 1
github.com/eiizu/go-service/controller/users.go:81.2,81.43 1 1
github.com/eiizu/go-service/controller/users.go:78.16,80.3 1 1
github.com/eiizu/go-service/controller/books.go:23.41,27.2 1 1
github.com/eiizu/go-service/controller/books.go:29.47,31.16 2 1
github.com/eiizu/go-service/controller/books.go:34.2,34.36 1 1
github.com/eiizu/go-service/controller/books.go:31.16,33.3 1 1
github.com/eiizu/go-service/controller/books.go:37.48,39.16 2 1
github.com/eiizu/go-service/controller/books.go:42.2,42.36 1 1
github.com/eiizu/go-service/controller/books.go:39.16,41.3 1 1
github.com/eiizu/go-service/controller/books.go:45.50,49.46 3 1
github.com/eiizu/go-service/controller/books.go:53.2,54.16 2 1
github.com/eiizu/go-service/controller/books.go:57.2,57.36 1 1
github.com/eiizu/go-service/controller/books.go:49.46,51.3 1 1
github.com/eiizu/go-service/controller/books.go:54.16,56.3 1 1
github.com/eiizu/go-service/controller/books.go:60.50,64.46 3 1
github.com/eiizu/go-service/controller/books.go:68.2,69.16 2 1
github.com/eiizu/go-service/controller/books.go:72.2,72.36 1 1
github.com/eiizu/go-service/controller/books.go:64.46,66.3 1 1
github.com/eiizu/go-service/controller/books.go:69.16,71.3 1 1
github.com/eiizu/go-service/controller/books.go:75.50,77.16 2 1
github.com/eiizu/go-service/controller/books.go:80.2,80.43 1 1
github.com/eiizu/go-service/controller/books.go:77.16,79.3 1 1
github.com/eiizu/go-service/controller/loans.go:22.41,26.2 1 1
github.com/eiizu/go-service/controller/loans.go:28.48,34.16 6 1
github.com/eiizu/go-service/controller/loans.go:37.2,37.36 1 1
github.com/eiizu/go-service/controller/loans.go:34.16,36.3 1 1
github.com/eiizu/go-service/controller/loans.go:40.50,44.46 3 1
github.com/eiizu/go-service/controller/loans.go:48.2,49.15 2 1
github.com/eiizu/go-service/controller/loans.go:52.2,52.35 1 1
github.com/eiizu/go-service/controller/loans.go:44.46,46.3 1 1
github.com/eiizu/go-service/controller/loans.go:49.15,51.3 1 1
github.com/eiizu/go-service/controller/loans.go:55.50,59.46 3 1
github.com/eiizu/go-service/controller/loans.go:63.2,65.16 3 1
github.com/eiizu/go-service/controller/loans.go:68.2,68.35 1 1
github.com/eiizu/go-service/controller/loans.go:59.46,61.3 1 1
github.com/eiizu/go-service/controller/loans.go:65.16,67.3 1 1
